time="2024-08-02T14:06:36+02:00" level=debug msg="OpenShift Installer 4.14.0-rc.6"
time="2024-08-02T14:06:36+02:00" level=debug msg="Built from commit e81f43d2aa9386deccb1e2761fd352670621b310"
time="2024-08-02T14:06:36+02:00" level=debug msg="Fetching Agent Config ISO..."
time="2024-08-02T14:06:36+02:00" level=debug msg="Loading Agent Config ISO..."
time="2024-08-02T14:06:36+02:00" level=debug msg="  Loading Agent Installer Ignition..."
time="2024-08-02T14:06:36+02:00" level=debug msg="    Loading Agent Manifests..."
time="2024-08-02T14:06:36+02:00" level=debug msg="      Loading Agent PullSecret..."
time="2024-08-02T14:06:36+02:00" level=debug msg="        Loading Install Config..."
time="2024-08-02T14:06:36+02:00" level=debug msg="      Loading InfraEnv Config..."
time="2024-08-02T14:06:36+02:00" level=debug msg="        Loading Install Config..."
time="2024-08-02T14:06:36+02:00" level=debug msg="        Loading Agent Config..."
time="2024-08-02T14:06:36+02:00" level=debug msg="      Loading NMState Config..."
time="2024-08-02T14:06:36+02:00" level=debug msg="        Loading Agent Config..."
time="2024-08-02T14:06:36+02:00" level=debug msg="        Loading Install Config..."
time="2024-08-02T14:06:36+02:00" level=debug msg="      Loading AgentClusterInstall Config..."
time="2024-08-02T14:06:36+02:00" level=debug msg="        Loading Install Config..."
time="2024-08-02T14:06:36+02:00" level=debug msg="      Loading ClusterDeployment Config..."
time="2024-08-02T14:06:36+02:00" level=debug msg="        Loading Install Config..."
time="2024-08-02T14:06:36+02:00" level=debug msg="      Loading ClusterImageSet Config..."
time="2024-08-02T14:06:36+02:00" level=debug msg="        Loading Release Image Pull Spec..."
time="2024-08-02T14:06:36+02:00" level=debug msg="        Loading Install Config..."
time="2024-08-02T14:06:36+02:00" level=debug msg="    Loading Extra Manifests..."
time="2024-08-02T14:06:36+02:00" level=debug msg="    Loading Certificate (kube-apiserver-lb-signer)..."
time="2024-08-02T14:06:36+02:00" level=debug msg="    Loading Certificate (kube-apiserver-localhost-signer)..."
time="2024-08-02T14:06:36+02:00" level=debug msg="    Loading Certificate (kube-apiserver-service-network-signer)..."
time="2024-08-02T14:06:36+02:00" level=debug msg="    Loading Certificate (admin-kubeconfig-signer)..."
time="2024-08-02T14:06:36+02:00" level=debug msg="    Loading Kubeadmin Password..."
time="2024-08-02T14:06:36+02:00" level=debug msg="    Loading Agent Config..."
time="2024-08-02T14:06:36+02:00" level=debug msg="    Loading Mirror Registries Config..."
time="2024-08-02T14:06:36+02:00" level=debug msg="      Loading Install Config..."
time="2024-08-02T14:06:36+02:00" level=debug msg="      Loading Release Image Pull Spec..."
time="2024-08-02T14:06:36+02:00" level=debug msg="Using internal constant for release image quay.io/openshift-release-dev/ocp-release@sha256:2a6302117463af43fa45121993ebf33dbbc8cab07bf5850dc3514ce7ffa4bf54"
time="2024-08-02T14:06:36+02:00" level=debug msg="    Loading Mirror Registries Certificate File..."
time="2024-08-02T14:06:36+02:00" level=debug msg="      Loading Install Config..."
time="2024-08-02T14:06:36+02:00" level=debug msg="  Fetching Agent Installer Ignition..."
time="2024-08-02T14:06:36+02:00" level=debug msg="    Fetching Agent Manifests..."
time="2024-08-02T14:06:36+02:00" level=debug msg="      Fetching Agent PullSecret..."
time="2024-08-02T14:06:36+02:00" level=debug msg="        Fetching Install Config..."
time="2024-08-02T14:06:36+02:00" level=debug msg="        Generating Install Config..."
time="2024-08-02T14:06:36+02:00" level=debug msg="      Generating Agent PullSecret..."
time="2024-08-02T14:06:36+02:00" level=error msg="failed to write asset (Agent Config ISO) to disk: cannot generate Config image due to configuration errors"
time="2024-08-02T14:06:36+02:00" level=fatal msg="failed to fetch Agent Config ISO: failed to fetch dependency of \"Agent Config ISO\": failed to fetch dependency of \"Agent Installer Ignition\": failed to fetch dependency of \"Agent Manifests\": failed to generate asset \"Agent PullSecret\": missing configuration or manifest file"
time="2024-08-02T14:07:46+02:00" level=debug msg="OpenShift Installer 4.14.0-rc.6"
time="2024-08-02T14:07:46+02:00" level=debug msg="Built from commit e81f43d2aa9386deccb1e2761fd352670621b310"
time="2024-08-02T14:07:46+02:00" level=debug msg="Fetching Agent Config ISO..."
time="2024-08-02T14:07:46+02:00" level=debug msg="Loading Agent Config ISO..."
time="2024-08-02T14:07:46+02:00" level=debug msg="  Loading Agent Installer Ignition..."
time="2024-08-02T14:07:46+02:00" level=debug msg="    Loading Agent Manifests..."
time="2024-08-02T14:07:46+02:00" level=debug msg="      Loading Agent PullSecret..."
time="2024-08-02T14:07:46+02:00" level=debug msg="        Loading Install Config..."
time="2024-08-02T14:07:46+02:00" level=debug msg="      Loading InfraEnv Config..."
time="2024-08-02T14:07:46+02:00" level=debug msg="        Loading Install Config..."
time="2024-08-02T14:07:46+02:00" level=debug msg="        Loading Agent Config..."
time="2024-08-02T14:07:46+02:00" level=debug msg="      Loading NMState Config..."
time="2024-08-02T14:07:46+02:00" level=debug msg="        Loading Agent Config..."
time="2024-08-02T14:07:46+02:00" level=debug msg="        Loading Install Config..."
time="2024-08-02T14:07:46+02:00" level=debug msg="      Loading AgentClusterInstall Config..."
time="2024-08-02T14:07:46+02:00" level=debug msg="        Loading Install Config..."
time="2024-08-02T14:07:46+02:00" level=debug msg="      Loading ClusterDeployment Config..."
time="2024-08-02T14:07:46+02:00" level=debug msg="        Loading Install Config..."
time="2024-08-02T14:07:46+02:00" level=debug msg="      Loading ClusterImageSet Config..."
time="2024-08-02T14:07:46+02:00" level=debug msg="        Loading Release Image Pull Spec..."
time="2024-08-02T14:07:46+02:00" level=debug msg="        Loading Install Config..."
time="2024-08-02T14:07:46+02:00" level=debug msg="    Loading Extra Manifests..."
time="2024-08-02T14:07:46+02:00" level=debug msg="    Loading Certificate (kube-apiserver-lb-signer)..."
time="2024-08-02T14:07:46+02:00" level=debug msg="    Loading Certificate (kube-apiserver-localhost-signer)..."
time="2024-08-02T14:07:46+02:00" level=debug msg="    Loading Certificate (kube-apiserver-service-network-signer)..."
time="2024-08-02T14:07:46+02:00" level=debug msg="    Loading Certificate (admin-kubeconfig-signer)..."
time="2024-08-02T14:07:46+02:00" level=debug msg="    Loading Kubeadmin Password..."
time="2024-08-02T14:07:46+02:00" level=debug msg="    Loading Agent Config..."
time="2024-08-02T14:07:46+02:00" level=debug msg="    Loading Mirror Registries Config..."
time="2024-08-02T14:07:46+02:00" level=debug msg="      Loading Install Config..."
time="2024-08-02T14:07:46+02:00" level=debug msg="      Loading Release Image Pull Spec..."
time="2024-08-02T14:07:46+02:00" level=debug msg="Using internal constant for release image quay.io/openshift-release-dev/ocp-release@sha256:2a6302117463af43fa45121993ebf33dbbc8cab07bf5850dc3514ce7ffa4bf54"
time="2024-08-02T14:07:46+02:00" level=debug msg="    Loading Mirror Registries Certificate File..."
time="2024-08-02T14:07:46+02:00" level=debug msg="      Loading Install Config..."
time="2024-08-02T14:07:46+02:00" level=debug msg="  Fetching Agent Installer Ignition..."
time="2024-08-02T14:07:46+02:00" level=debug msg="    Fetching Agent Manifests..."
time="2024-08-02T14:07:46+02:00" level=debug msg="      Fetching Agent PullSecret..."
time="2024-08-02T14:07:46+02:00" level=debug msg="        Fetching Install Config..."
time="2024-08-02T14:07:46+02:00" level=debug msg="        Generating Install Config..."
time="2024-08-02T14:07:46+02:00" level=debug msg="      Generating Agent PullSecret..."
time="2024-08-02T14:07:46+02:00" level=error msg="failed to write asset (Agent Config ISO) to disk: cannot generate Config image due to configuration errors"
time="2024-08-02T14:07:46+02:00" level=fatal msg="failed to fetch Agent Config ISO: failed to fetch dependency of \"Agent Config ISO\": failed to fetch dependency of \"Agent Installer Ignition\": failed to fetch dependency of \"Agent Manifests\": failed to generate asset \"Agent PullSecret\": missing configuration or manifest file"
time="2024-08-02T14:09:07+02:00" level=debug msg="OpenShift Installer 4.14.0-rc.6"
time="2024-08-02T14:09:07+02:00" level=debug msg="Built from commit e81f43d2aa9386deccb1e2761fd352670621b310"
time="2024-08-02T14:09:07+02:00" level=debug msg="Fetching Agent Config ISO..."
time="2024-08-02T14:09:07+02:00" level=debug msg="Loading Agent Config ISO..."
time="2024-08-02T14:09:07+02:00" level=debug msg="  Loading Agent Installer Ignition..."
time="2024-08-02T14:09:07+02:00" level=debug msg="    Loading Agent Manifests..."
time="2024-08-02T14:09:07+02:00" level=debug msg="      Loading Agent PullSecret..."
time="2024-08-02T14:09:07+02:00" level=debug msg="        Loading Install Config..."
time="2024-08-02T14:09:07+02:00" level=debug msg="      Loading InfraEnv Config..."
time="2024-08-02T14:09:07+02:00" level=debug msg="        Loading Install Config..."
time="2024-08-02T14:09:07+02:00" level=debug msg="        Loading Agent Config..."
time="2024-08-02T14:09:07+02:00" level=debug msg="      Loading NMState Config..."
time="2024-08-02T14:09:07+02:00" level=debug msg="        Loading Agent Config..."
time="2024-08-02T14:09:07+02:00" level=debug msg="        Loading Install Config..."
time="2024-08-02T14:09:07+02:00" level=debug msg="      Loading AgentClusterInstall Config..."
time="2024-08-02T14:09:07+02:00" level=debug msg="        Loading Install Config..."
time="2024-08-02T14:09:07+02:00" level=debug msg="      Loading ClusterDeployment Config..."
time="2024-08-02T14:09:07+02:00" level=debug msg="        Loading Install Config..."
time="2024-08-02T14:09:07+02:00" level=debug msg="      Loading ClusterImageSet Config..."
time="2024-08-02T14:09:07+02:00" level=debug msg="        Loading Release Image Pull Spec..."
time="2024-08-02T14:09:07+02:00" level=debug msg="        Loading Install Config..."
time="2024-08-02T14:09:07+02:00" level=debug msg="    Loading Extra Manifests..."
time="2024-08-02T14:09:07+02:00" level=debug msg="    Loading Certificate (kube-apiserver-lb-signer)..."
time="2024-08-02T14:09:07+02:00" level=debug msg="    Loading Certificate (kube-apiserver-localhost-signer)..."
time="2024-08-02T14:09:07+02:00" level=debug msg="    Loading Certificate (kube-apiserver-service-network-signer)..."
time="2024-08-02T14:09:07+02:00" level=debug msg="    Loading Certificate (admin-kubeconfig-signer)..."
time="2024-08-02T14:09:07+02:00" level=debug msg="    Loading Kubeadmin Password..."
time="2024-08-02T14:09:07+02:00" level=debug msg="    Loading Agent Config..."
time="2024-08-02T14:09:07+02:00" level=debug msg="    Loading Mirror Registries Config..."
time="2024-08-02T14:09:07+02:00" level=debug msg="      Loading Install Config..."
time="2024-08-02T14:09:07+02:00" level=debug msg="      Loading Release Image Pull Spec..."
time="2024-08-02T14:09:07+02:00" level=debug msg="Using internal constant for release image quay.io/openshift-release-dev/ocp-release@sha256:2a6302117463af43fa45121993ebf33dbbc8cab07bf5850dc3514ce7ffa4bf54"
time="2024-08-02T14:09:07+02:00" level=debug msg="    Loading Mirror Registries Certificate File..."
time="2024-08-02T14:09:07+02:00" level=debug msg="      Loading Install Config..."
time="2024-08-02T14:09:07+02:00" level=debug msg="  Fetching Agent Installer Ignition..."
time="2024-08-02T14:09:07+02:00" level=debug msg="    Fetching Agent Manifests..."
time="2024-08-02T14:09:07+02:00" level=debug msg="      Fetching Agent PullSecret..."
time="2024-08-02T14:09:07+02:00" level=debug msg="        Fetching Install Config..."
time="2024-08-02T14:09:07+02:00" level=debug msg="        Generating Install Config..."
time="2024-08-02T14:09:07+02:00" level=debug msg="      Generating Agent PullSecret..."
time="2024-08-02T14:09:07+02:00" level=error msg="failed to write asset (Agent Config ISO) to disk: cannot generate Config image due to configuration errors"
time="2024-08-02T14:09:07+02:00" level=fatal msg="failed to fetch Agent Config ISO: failed to fetch dependency of \"Agent Config ISO\": failed to fetch dependency of \"Agent Installer Ignition\": failed to fetch dependency of \"Agent Manifests\": failed to generate asset \"Agent PullSecret\": missing configuration or manifest file"
time="2024-08-02T14:10:28+02:00" level=debug msg="OpenShift Installer 4.14.0-rc.6"
time="2024-08-02T14:10:28+02:00" level=debug msg="Built from commit e81f43d2aa9386deccb1e2761fd352670621b310"
time="2024-08-02T14:10:28+02:00" level=debug msg="Fetching Agent Config ISO..."
time="2024-08-02T14:10:28+02:00" level=debug msg="Loading Agent Config ISO..."
time="2024-08-02T14:10:28+02:00" level=debug msg="  Loading Agent Installer Ignition..."
time="2024-08-02T14:10:28+02:00" level=debug msg="    Loading Agent Manifests..."
time="2024-08-02T14:10:28+02:00" level=debug msg="      Loading Agent PullSecret..."
time="2024-08-02T14:10:28+02:00" level=debug msg="        Loading Install Config..."
time="2024-08-02T14:10:28+02:00" level=debug msg="      Loading InfraEnv Config..."
time="2024-08-02T14:10:28+02:00" level=debug msg="        Loading Install Config..."
time="2024-08-02T14:10:28+02:00" level=debug msg="        Loading Agent Config..."
time="2024-08-02T14:10:28+02:00" level=debug msg="      Loading NMState Config..."
time="2024-08-02T14:10:28+02:00" level=debug msg="        Loading Agent Config..."
time="2024-08-02T14:10:28+02:00" level=debug msg="        Loading Install Config..."
time="2024-08-02T14:10:28+02:00" level=debug msg="      Loading AgentClusterInstall Config..."
time="2024-08-02T14:10:28+02:00" level=debug msg="        Loading Install Config..."
time="2024-08-02T14:10:28+02:00" level=debug msg="      Loading ClusterDeployment Config..."
time="2024-08-02T14:10:28+02:00" level=debug msg="        Loading Install Config..."
time="2024-08-02T14:10:28+02:00" level=debug msg="      Loading ClusterImageSet Config..."
time="2024-08-02T14:10:28+02:00" level=debug msg="        Loading Release Image Pull Spec..."
time="2024-08-02T14:10:28+02:00" level=debug msg="        Loading Install Config..."
time="2024-08-02T14:10:28+02:00" level=debug msg="    Loading Extra Manifests..."
time="2024-08-02T14:10:28+02:00" level=debug msg="    Loading Certificate (kube-apiserver-lb-signer)..."
time="2024-08-02T14:10:28+02:00" level=debug msg="    Loading Certificate (kube-apiserver-localhost-signer)..."
time="2024-08-02T14:10:28+02:00" level=debug msg="    Loading Certificate (kube-apiserver-service-network-signer)..."
time="2024-08-02T14:10:28+02:00" level=debug msg="    Loading Certificate (admin-kubeconfig-signer)..."
time="2024-08-02T14:10:28+02:00" level=debug msg="    Loading Kubeadmin Password..."
time="2024-08-02T14:10:28+02:00" level=debug msg="    Loading Agent Config..."
time="2024-08-02T14:10:28+02:00" level=debug msg="    Loading Mirror Registries Config..."
time="2024-08-02T14:10:28+02:00" level=debug msg="      Loading Install Config..."
time="2024-08-02T14:10:28+02:00" level=debug msg="      Loading Release Image Pull Spec..."
time="2024-08-02T14:10:28+02:00" level=debug msg="Using internal constant for release image quay.io/openshift-release-dev/ocp-release@sha256:2a6302117463af43fa45121993ebf33dbbc8cab07bf5850dc3514ce7ffa4bf54"
time="2024-08-02T14:10:28+02:00" level=debug msg="    Loading Mirror Registries Certificate File..."
time="2024-08-02T14:10:28+02:00" level=debug msg="      Loading Install Config..."
time="2024-08-02T14:10:28+02:00" level=debug msg="  Fetching Agent Installer Ignition..."
time="2024-08-02T14:10:28+02:00" level=debug msg="    Fetching Agent Manifests..."
time="2024-08-02T14:10:28+02:00" level=debug msg="      Fetching Agent PullSecret..."
time="2024-08-02T14:10:28+02:00" level=debug msg="        Fetching Install Config..."
time="2024-08-02T14:10:28+02:00" level=debug msg="        Generating Install Config..."
time="2024-08-02T14:10:28+02:00" level=debug msg="      Generating Agent PullSecret..."
time="2024-08-02T14:10:28+02:00" level=error msg="failed to write asset (Agent Config ISO) to disk: cannot generate Config image due to configuration errors"
time="2024-08-02T14:10:28+02:00" level=fatal msg="failed to fetch Agent Config ISO: failed to fetch dependency of \"Agent Config ISO\": failed to fetch dependency of \"Agent Installer Ignition\": failed to fetch dependency of \"Agent Manifests\": failed to generate asset \"Agent PullSecret\": missing configuration or manifest file"
time="2024-08-02T14:11:12+02:00" level=debug msg="OpenShift Installer 4.14.0-rc.6"
time="2024-08-02T14:11:12+02:00" level=debug msg="Built from commit e81f43d2aa9386deccb1e2761fd352670621b310"
time="2024-08-02T14:11:12+02:00" level=debug msg="Fetching Agent Config ISO..."
time="2024-08-02T14:11:12+02:00" level=debug msg="Loading Agent Config ISO..."
time="2024-08-02T14:11:12+02:00" level=debug msg="  Loading Agent Installer Ignition..."
time="2024-08-02T14:11:12+02:00" level=debug msg="    Loading Agent Manifests..."
time="2024-08-02T14:11:12+02:00" level=debug msg="      Loading Agent PullSecret..."
time="2024-08-02T14:11:12+02:00" level=debug msg="        Loading Install Config..."
time="2024-08-02T14:11:12+02:00" level=debug msg="      Loading InfraEnv Config..."
time="2024-08-02T14:11:12+02:00" level=debug msg="        Loading Install Config..."
time="2024-08-02T14:11:12+02:00" level=debug msg="        Loading Agent Config..."
time="2024-08-02T14:11:12+02:00" level=debug msg="      Loading NMState Config..."
time="2024-08-02T14:11:12+02:00" level=debug msg="        Loading Agent Config..."
time="2024-08-02T14:11:12+02:00" level=debug msg="        Loading Install Config..."
time="2024-08-02T14:11:12+02:00" level=debug msg="      Loading AgentClusterInstall Config..."
time="2024-08-02T14:11:12+02:00" level=debug msg="        Loading Install Config..."
time="2024-08-02T14:11:12+02:00" level=debug msg="      Loading ClusterDeployment Config..."
time="2024-08-02T14:11:12+02:00" level=debug msg="        Loading Install Config..."
time="2024-08-02T14:11:12+02:00" level=debug msg="      Loading ClusterImageSet Config..."
time="2024-08-02T14:11:12+02:00" level=debug msg="        Loading Release Image Pull Spec..."
time="2024-08-02T14:11:12+02:00" level=debug msg="        Loading Install Config..."
time="2024-08-02T14:11:12+02:00" level=debug msg="    Loading Extra Manifests..."
time="2024-08-02T14:11:12+02:00" level=debug msg="    Loading Certificate (kube-apiserver-lb-signer)..."
time="2024-08-02T14:11:12+02:00" level=debug msg="    Loading Certificate (kube-apiserver-localhost-signer)..."
time="2024-08-02T14:11:12+02:00" level=debug msg="    Loading Certificate (kube-apiserver-service-network-signer)..."
time="2024-08-02T14:11:12+02:00" level=debug msg="    Loading Certificate (admin-kubeconfig-signer)..."
time="2024-08-02T14:11:12+02:00" level=debug msg="    Loading Kubeadmin Password..."
time="2024-08-02T14:11:12+02:00" level=debug msg="    Loading Agent Config..."
time="2024-08-02T14:11:12+02:00" level=debug msg="    Loading Mirror Registries Config..."
time="2024-08-02T14:11:12+02:00" level=debug msg="      Loading Install Config..."
time="2024-08-02T14:11:12+02:00" level=debug msg="      Loading Release Image Pull Spec..."
time="2024-08-02T14:11:12+02:00" level=debug msg="Using internal constant for release image quay.io/openshift-release-dev/ocp-release@sha256:2a6302117463af43fa45121993ebf33dbbc8cab07bf5850dc3514ce7ffa4bf54"
time="2024-08-02T14:11:12+02:00" level=debug msg="    Loading Mirror Registries Certificate File..."
time="2024-08-02T14:11:12+02:00" level=debug msg="      Loading Install Config..."
time="2024-08-02T14:11:12+02:00" level=debug msg="  Fetching Agent Installer Ignition..."
time="2024-08-02T14:11:12+02:00" level=debug msg="    Fetching Agent Manifests..."
time="2024-08-02T14:11:12+02:00" level=debug msg="      Fetching Agent PullSecret..."
time="2024-08-02T14:11:12+02:00" level=debug msg="        Fetching Install Config..."
time="2024-08-02T14:11:12+02:00" level=debug msg="        Generating Install Config..."
time="2024-08-02T14:11:12+02:00" level=debug msg="      Generating Agent PullSecret..."
time="2024-08-02T14:11:12+02:00" level=error msg="failed to write asset (Agent Config ISO) to disk: cannot generate Config image due to configuration errors"
time="2024-08-02T14:11:12+02:00" level=fatal msg="failed to fetch Agent Config ISO: failed to fetch dependency of \"Agent Config ISO\": failed to fetch dependency of \"Agent Installer Ignition\": failed to fetch dependency of \"Agent Manifests\": failed to generate asset \"Agent PullSecret\": missing configuration or manifest file"
time="2024-08-02T14:12:15+02:00" level=debug msg="OpenShift Installer 4.14.0-rc.6"
time="2024-08-02T14:12:15+02:00" level=debug msg="Built from commit e81f43d2aa9386deccb1e2761fd352670621b310"
time="2024-08-02T14:12:15+02:00" level=debug msg="Fetching Agent Config ISO..."
time="2024-08-02T14:12:15+02:00" level=debug msg="Loading Agent Config ISO..."
time="2024-08-02T14:12:15+02:00" level=debug msg="  Loading Agent Installer Ignition..."
time="2024-08-02T14:12:15+02:00" level=debug msg="    Loading Agent Manifests..."
time="2024-08-02T14:12:15+02:00" level=debug msg="      Loading Agent PullSecret..."
time="2024-08-02T14:12:15+02:00" level=debug msg="        Loading Install Config..."
time="2024-08-02T14:12:15+02:00" level=debug msg="      Loading InfraEnv Config..."
time="2024-08-02T14:12:15+02:00" level=debug msg="        Loading Install Config..."
time="2024-08-02T14:12:15+02:00" level=debug msg="        Loading Agent Config..."
time="2024-08-02T14:12:15+02:00" level=debug msg="      Loading NMState Config..."
time="2024-08-02T14:12:15+02:00" level=debug msg="        Loading Agent Config..."
time="2024-08-02T14:12:15+02:00" level=debug msg="        Loading Install Config..."
time="2024-08-02T14:12:15+02:00" level=debug msg="      Loading AgentClusterInstall Config..."
time="2024-08-02T14:12:15+02:00" level=debug msg="        Loading Install Config..."
time="2024-08-02T14:12:15+02:00" level=debug msg="      Loading ClusterDeployment Config..."
time="2024-08-02T14:12:15+02:00" level=debug msg="        Loading Install Config..."
time="2024-08-02T14:12:15+02:00" level=debug msg="      Loading ClusterImageSet Config..."
time="2024-08-02T14:12:15+02:00" level=debug msg="        Loading Release Image Pull Spec..."
time="2024-08-02T14:12:15+02:00" level=debug msg="        Loading Install Config..."
time="2024-08-02T14:12:15+02:00" level=debug msg="    Loading Extra Manifests..."
time="2024-08-02T14:12:15+02:00" level=debug msg="    Loading Certificate (kube-apiserver-lb-signer)..."
time="2024-08-02T14:12:15+02:00" level=debug msg="    Loading Certificate (kube-apiserver-localhost-signer)..."
time="2024-08-02T14:12:15+02:00" level=debug msg="    Loading Certificate (kube-apiserver-service-network-signer)..."
time="2024-08-02T14:12:15+02:00" level=debug msg="    Loading Certificate (admin-kubeconfig-signer)..."
time="2024-08-02T14:12:15+02:00" level=debug msg="    Loading Kubeadmin Password..."
time="2024-08-02T14:12:15+02:00" level=debug msg="    Loading Agent Config..."
time="2024-08-02T14:12:15+02:00" level=debug msg="    Loading Mirror Registries Config..."
time="2024-08-02T14:12:15+02:00" level=debug msg="      Loading Install Config..."
time="2024-08-02T14:12:15+02:00" level=debug msg="      Loading Release Image Pull Spec..."
time="2024-08-02T14:12:15+02:00" level=debug msg="Using internal constant for release image quay.io/openshift-release-dev/ocp-release@sha256:2a6302117463af43fa45121993ebf33dbbc8cab07bf5850dc3514ce7ffa4bf54"
time="2024-08-02T14:12:15+02:00" level=debug msg="    Loading Mirror Registries Certificate File..."
time="2024-08-02T14:12:15+02:00" level=debug msg="      Loading Install Config..."
time="2024-08-02T14:12:15+02:00" level=debug msg="  Fetching Agent Installer Ignition..."
time="2024-08-02T14:12:15+02:00" level=debug msg="    Fetching Agent Manifests..."
time="2024-08-02T14:12:15+02:00" level=debug msg="      Fetching Agent PullSecret..."
time="2024-08-02T14:12:15+02:00" level=debug msg="        Fetching Install Config..."
time="2024-08-02T14:12:15+02:00" level=debug msg="        Generating Install Config..."
time="2024-08-02T14:12:15+02:00" level=debug msg="      Generating Agent PullSecret..."
time="2024-08-02T14:12:15+02:00" level=error msg="failed to write asset (Agent Config ISO) to disk: cannot generate Config image due to configuration errors"
time="2024-08-02T14:12:15+02:00" level=fatal msg="failed to fetch Agent Config ISO: failed to fetch dependency of \"Agent Config ISO\": failed to fetch dependency of \"Agent Installer Ignition\": failed to fetch dependency of \"Agent Manifests\": failed to generate asset \"Agent PullSecret\": missing configuration or manifest file"
time="2024-08-02T14:15:15+02:00" level=debug msg="OpenShift Installer 4.14.0-rc.6"
time="2024-08-02T14:15:15+02:00" level=debug msg="Built from commit e81f43d2aa9386deccb1e2761fd352670621b310"
time="2024-08-02T14:15:15+02:00" level=debug msg="Fetching Agent Config ISO..."
time="2024-08-02T14:15:15+02:00" level=debug msg="Loading Agent Config ISO..."
time="2024-08-02T14:15:15+02:00" level=debug msg="  Loading Agent Installer Ignition..."
time="2024-08-02T14:15:15+02:00" level=debug msg="    Loading Agent Manifests..."
time="2024-08-02T14:15:15+02:00" level=debug msg="      Loading Agent PullSecret..."
time="2024-08-02T14:15:15+02:00" level=debug msg="        Loading Install Config..."
time="2024-08-02T14:15:15+02:00" level=debug msg="      Loading InfraEnv Config..."
time="2024-08-02T14:15:15+02:00" level=debug msg="        Loading Install Config..."
time="2024-08-02T14:15:15+02:00" level=debug msg="        Loading Agent Config..."
time="2024-08-02T14:15:15+02:00" level=debug msg="      Loading NMState Config..."
time="2024-08-02T14:15:15+02:00" level=debug msg="        Loading Agent Config..."
time="2024-08-02T14:15:15+02:00" level=debug msg="        Loading Install Config..."
time="2024-08-02T14:15:15+02:00" level=debug msg="      Loading AgentClusterInstall Config..."
time="2024-08-02T14:15:15+02:00" level=debug msg="        Loading Install Config..."
time="2024-08-02T14:15:15+02:00" level=debug msg="      Loading ClusterDeployment Config..."
time="2024-08-02T14:15:15+02:00" level=debug msg="        Loading Install Config..."
time="2024-08-02T14:15:15+02:00" level=debug msg="      Loading ClusterImageSet Config..."
time="2024-08-02T14:15:15+02:00" level=debug msg="        Loading Release Image Pull Spec..."
time="2024-08-02T14:15:15+02:00" level=debug msg="        Loading Install Config..."
time="2024-08-02T14:15:15+02:00" level=debug msg="    Loading Extra Manifests..."
time="2024-08-02T14:15:15+02:00" level=debug msg="    Loading Certificate (kube-apiserver-lb-signer)..."
time="2024-08-02T14:15:15+02:00" level=debug msg="    Loading Certificate (kube-apiserver-localhost-signer)..."
time="2024-08-02T14:15:15+02:00" level=debug msg="    Loading Certificate (kube-apiserver-service-network-signer)..."
time="2024-08-02T14:15:15+02:00" level=debug msg="    Loading Certificate (admin-kubeconfig-signer)..."
time="2024-08-02T14:15:15+02:00" level=debug msg="    Loading Kubeadmin Password..."
time="2024-08-02T14:15:15+02:00" level=debug msg="    Loading Agent Config..."
time="2024-08-02T14:15:15+02:00" level=debug msg="    Loading Mirror Registries Config..."
time="2024-08-02T14:15:15+02:00" level=debug msg="      Loading Install Config..."
time="2024-08-02T14:15:15+02:00" level=debug msg="      Loading Release Image Pull Spec..."
time="2024-08-02T14:15:15+02:00" level=debug msg="Using internal constant for release image quay.io/openshift-release-dev/ocp-release@sha256:2a6302117463af43fa45121993ebf33dbbc8cab07bf5850dc3514ce7ffa4bf54"
time="2024-08-02T14:15:15+02:00" level=debug msg="    Loading Mirror Registries Certificate File..."
time="2024-08-02T14:15:15+02:00" level=debug msg="      Loading Install Config..."
time="2024-08-02T14:15:15+02:00" level=debug msg="  Fetching Agent Installer Ignition..."
time="2024-08-02T14:15:15+02:00" level=debug msg="    Fetching Agent Manifests..."
time="2024-08-02T14:15:15+02:00" level=debug msg="      Fetching Agent PullSecret..."
time="2024-08-02T14:15:15+02:00" level=debug msg="        Fetching Install Config..."
time="2024-08-02T14:15:15+02:00" level=debug msg="        Generating Install Config..."
time="2024-08-02T14:15:15+02:00" level=debug msg="      Generating Agent PullSecret..."
time="2024-08-02T14:15:15+02:00" level=error msg="failed to write asset (Agent Config ISO) to disk: cannot generate Config image due to configuration errors"
time="2024-08-02T14:15:15+02:00" level=fatal msg="failed to fetch Agent Config ISO: failed to fetch dependency of \"Agent Config ISO\": failed to fetch dependency of \"Agent Installer Ignition\": failed to fetch dependency of \"Agent Manifests\": failed to generate asset \"Agent PullSecret\": missing configuration or manifest file"
